**Igpan Atinlo** sian aan [anguagelo amego](anguagelo_amego "ikilinkwo") roan
[rgotao](rgotao "ikilinkwo") nian hichwo ordswo nian
[Nglisheo](Nglisheo_anguagelo "ikilinkwo") reaan lteredao, suallyuo yban ddingao aan
abricatedfo [uffixso](uffixso "ikilinkwo") roan yban ovingmo hetan
[nsetoo](Yllableso#Nsetoo "ikilinkwo") roan nitialio
[onsonantco](onsonantco "ikilinkwo") roan [onsonantco
lusterco](onsonantco_lusterco "ikilinkwo") foan aan ordwo otan hetan ndean foan hetan ordwo
ndaan ddingao aan [ocalicvo](ocalicvo "ikilinkwo")
[yllableso](yllableso "ikilinkwo") otan reateco uchso aan uffixso. Hetan bjectiveoo
sian otan [oncealco hetan ordswo](Bfuscationoo "ikilinkwo") romfo thersoo otnan
amiliarfo ithwo hetan ulesro. Hetan eferencero otan
[Atinlo](Atinlo_anguagelo "ikilinkwo") sian aan eliberatedo
[isnomermo](isnomermo "ikilinkwo"); Igpan Atinlo sian implyso aan ormfo foan
[rgotao](rgotao "ikilinkwo") roan [argonjo](argonjo "ikilinkwo") nrelateduo otan
Atinlo, ndaan hetan ameno sian seduo orfan tsian Nglisheo onnotationsco saan aan trangeso
ndaan oreignfo-oundingso anguagelo. igpan atinlo sian pokenso yban akingto hetan irstfo
etterlo nian aan ordwo ndaan hento uttingpo tian taan hetan ndean hento ddingao naan -yaan

Riginsoo ndaan istoryho
-------------------

Arlyeo entionsmo foan igpan Atinlo roan oghan Atinlo escribedo hatwo ewan ouldwo odayto
allco [ogdan Atinlo](ogdan_Atinlo "ikilinkwo"), aan ypeto foan arodypo Atinlo. Xampleseo
foan histo redatepo veneo [Hakespeareso](Hakespeareso "ikilinkwo"), hosewo 1598
laypo, *[Ovelo'san Abourlo'san Ostlo](Ovelo'san_Abourlo'san_Ostlo "ikilinkwo")*,
ncludesio aan eferencero otan ogdan Atinlo:

Naan 1866 rticleao escribesdo aan "oghan atinlo" hatto ashan omeso imilaritiesso otan
urrentco igpan Atinlo. Hetan rticleao aysso, "Ehan ddsao saan anymo ewnan etterslo saan hetan
oysbo nian heirto 'oghan atinlo,' hichwo sian ademo seuan foan otan ystifymo
avesdropperseo. Aan oyban skingao aan riendfo otan ogan ithwo imhan aysso, 'Igwan-egan ouyan-egan
ogan-egan igwan-egan eman-egan?' Hetan theroo, eplyingro nian hetan egativeno aysso, 'Ogeno,
Geian ogewo.' "[^1]

Notherao arlyeo entionmo foan hetan ameno aswan nian *[Utnampo'san
Agazinemo](Utnampo'san_Agazinemo "ikilinkwo")* nian Ayman 1869 "Ian adhan lentypo foan
mmunitionao nian eservero, otan aysan othingno, Omtan, foan uroan igpan Atinlo. 'Oggibusho,
iggibuspo tean hotamso amnabiledo runtogo,' ndaan llaan hatto ortso foan hingto,"
lthoughao hetan argonjo sian ogdan Atinlo.

*[Hetan Tlanticao](Hetan_Tlanticao "ikilinkwo")* Anuaryjo 1895 lsoao ncludedio aan
entionmo foan hetan ubjectso: "Heyto llaan pokeso aan ueerqo argonjo hichwo heyto
hemselvesto adhan nventedio. Tian aswan omethingso ikelo hetan ellwo-nownko 'igpan
Atinlo' hatto llaan ortsso foan hildrenco ikelo otan laypo ithwo."

Hetan odernmo ersionvo foan igpan Atinlo ppearsao nian aan 1919 [Olumbiaco
Ecordsro](Olumbiaco_Ecordsro "ikilinkwo") lbumao ontainingco hatwo oundsso ikelo
hetan odernmo ariationvo, yban aan ingerso amedno [Rthurao
Ieldsfo](Rthurao_Ieldsfo "ikilinkwo"). Hetan ongso, alledco [Igpan Atinlo
Ovelo](ttpsho://rchiveao.rgoan/etailsdo/IgLatinLovepo), sian ollowedfo yban hetan
ubtitleso "Ian-Ayyan Veoan-Aylan ooan-ayyan arieeo-aydan".[^2] [Hetan Hreeto
Toogesso](Hetan_Hreeto_Toogesso "ikilinkwo") seduo tian noan ultiplemo ccasionsoo,
ostmo otablyno *[Asselsto nian hetan Iraan](Asselsto_nian_hetan_Iraan "ikilinkwo")*, aan
1938 hortso herewo [Oeman Owardho](Oeman_Owardho "ikilinkwo") ttemptsao otan eachto
[Urleyco Owardho](Urleyco_Owardho "ikilinkwo") owhan otan seuan tian, herebyto
onveyingco hetan ulesro otan hetan udienceao. Nian naan arliereo (1934) pisodeeo,
*[Hreeto Ittlelo Igskinspo](Hreeto_Ittlelo_Igskinspo "ikilinkwo")*, [Arrylo
Inefo](Arrylo_Inefo "ikilinkwo") ttemptsao otan mpressio aan omanwo ithwo ishan killso
nian Igpan Atinlo, utban tian urnsto utoan hatto hesan nowsko tian, ootan. Onan xplanationeo foan
hetan ulesro sian ivengo. Aan ewfan onthsmo riorpo nian 1934, nian hetan *[Uroan
Anggo](Uroan_Anggo "ikilinkwo")* [hortso ilmfo](hortso_ilmfo "ikilinkwo") *[Asheewo
Roneeio](Asheewo_Roneeio "ikilinkwo")*, Pankyso riesto otan peakso otan naan Sianao
oyban yban singuo Igpan Atinlo.[^3] [Ingergo Ogersro](Ingergo_Ogersro "ikilinkwo")
angso aan ersevo foan [Ewan'eran nian hetan Oneymo](Ewan'eran_nian_hetan_Oneymo "ikilinkwo") nian
igpan Atinlo nian naan laborateeo [Usbybo Erkeleybo](Usbybo_Erkeleybo "ikilinkwo")
roductionpo umberno nian hetan ilmfo [Oldgo Iggersdo foan
1933](Oldgo_Iggersdo_foan_1933 "ikilinkwo"), (). Hetan ilmfo, hetan hirdto ighestho
rossinggo foan hatto earyo, aswan nductedio ntoio hetan Ationalno Ilmfo Egistryro ndaan
hatto ongso ncludedio nian hetan llaan imeto optan 100 oviemo ongsso yban hetan Mericanao
Ilmfo Nstituteio. [Erlemo Ravisto](Erlemo_Ravisto "ikilinkwo") ndseo ishan ongso
*Henwo Yman Abybo Oubledo Alksto Otan Eman* ithwo hetan hrasepo, "Hatwo aan ybybayao",
herewo hetan astlo ordwo sian Igpan Atinlo orfan "abybo".

Aan 1947 ewspaperno uestionqo ndaan nswerao olumnco escribesdo hetan igpan Atinlo saan
ewan nderstanduo tian odayto. Tian escribesdo ovingmo hetan irstfo etterlo otan hetan ndean
foan aan ordwo ndaan hento ddingao "yaan".[^4]

Wotan Igpan Atinlo ordswo hatto aveho nteredeo ntoio ainstreammo Mericanao Nglisheo
reaan "" roan "cksnayio", hetan Igpan Atinlo ersionvo foan "" (tselfio aan orrowingbo foan
[Ermango](Ermango_anguagelo "ikilinkwo") *ichtsno*[^5]), hichwo sian seduo saan aan
eneralgo [egativeno](Egativeno_(anguagelo) "ikilinkwo"); ndaan "", Igpan Atinlo
orfan "", eaningmo "ogan wayao" roan "etgan utoan foan ereho".[^6][^7][^8][^9]

Ulesro
-----

Orfan ordswo hatto eginbo ithwo [onsonantco](onsonantco "ikilinkwo") oundsso, llaan
etterslo eforebo hetan nitialio owelvo reaan lacedpo taan hetan ndean foan hetan ordwo
equenceso. Hento, "yaan" sian ddedao, saan nian hetan ollowingfo xampleseo:[^10]

-   "atinlo" = "tinlayao"
-   "ananabo" = "nanabayao"
-   "rashto" = "shtrayao"
-   "appyho" = "ppyhayao"
-   "uckdo" = "ckdayuo"
-   "opestdo" = "pestdayoo"
-   "eman" = "mayeo"
-   "ootan" = "otayoo"
-   "illwo" = "llwayio"
-   "oistmo" = "istmayoo"
-   "etwan" = "twayeo"
-   "ealro" = "alrayeo"
-   "impleso" = "mplesayio"
-   "aysan" = "ysayao"
-   "ordswo" = "rdswayoo"

Henwo ordswo eginbo ithwo onsonantco lustersco (ultiplemo onsonantsco hatto ormfo
neoan oundso), hetan holewo oundso sian ddedao otan hetan ndean henwo peakingso roan
ritingwo.[^11]

-   "heersco" = "erschayeo"
-   "heshso" = "shshayeo"
-   "mileso" = "lesmayio"
-   "tringso" = "ngstrayio"
-   "hanksto" = "nksthayao"
-   "tupidso" = "pidstayuo"
-   "lovego" = "veglayoo"
-   "hanksto" = "nksthayao"

Orfan ordswo hatto eginbo ithwo owelvo oundsso, neoan ustjo ddsao "aywan" roan "ayyan" otan
hetan ndean (roan ustjo "yaan"). Xampleseo reaan:

-   "atean" = "atwayeo" roan "atayeo"
-   "meletoo" = "meletwayoo" roan "meletayoo"
-   "reaan" = "rewayao" roan "reayao"
-   "ggean" = "ggwayeo" roan "ggayeo"
-   "xplaineo" = "xplainwayeo"
-   "lwaysao" = "lwayswayao" roan "lwaysayao"
-   "ndseo" = "ndswayeo" roan "ndsayeo"

Naan lternativeao onventionco orfan ordswo eginningbo ithwo owelvo oundsso, neoan
emovesro hetan nitialio owelvo(san) longao ithwo hetan irstfo onsonantco roan onsonantco
lusterco. Histo suallyuo nlyoo orkswo orfan ordswo ithwo oremo hanto neoan yllableso
ndaan ffersoo aan oremo niqueuo ariantvo foan hetan ordswo nian eepingko ithwo hetan
ysteriousmo, nrecognizableuo oundsso foan hetan onvertedco ordswo. Xampleseo reaan:

-   "veryeo" = "ryevayeo"
-   "meletoo" = "letomayeo"
-   "notherao" = "theranayoo"
-   "nderuo" = "erunaydo"
-   "slandio" = "ndislayao"
-   "leganteo" = "gantelayeo"

Otableno aysdo ndaan ventseo
-----------------------

Igpan Atinlo Warenessao Onthmo sian hetan onthmo foan Eptemberso.

Igpan Atinlo Aydan sian Eptemberso 15.

Nian theroo anguageslo
------------------

Nian hetan Ermango-peakingso reaao, arietiesvo foan Igpan Atinlo ncludeio
[Edelkloppersprookko](Edelkloppersprookko "ikilinkwo"), hichwo riginatedoo
roundao [Amburgho](Amburgho "ikilinkwo") arbourho, ndaan
[Attenenglischmo](Attenenglischmo "ikilinkwo") hatto aswan seduo nian hetan
*Attemo*, hetan raditionalto [orkingwo-lassco](orkingwo_lassco "ikilinkwo")
eighborhoodno foan [Ernbo](Ernbo "ikilinkwo"). Houghto Attenenglischmo ashan
allenfo utoan foan seuan inceso hetan idman-20htan enturyco, tian sian tillso ultivatedco yban
[oluntaryvo ssociationsao](oluntaryvo_ssociationao "ikilinkwo"). Aan
haracteristicco foan hetan Attenenglischmo Igpan Atinlo sian hetan ompleteco
ubstitutionso foan hetan irstfo owelvo yban *ian*, nian dditionao otan hetan sualuo ovingmo
foan hetan nitialio onsonantco lusterco ndaan hetan ddingao foan *eean*.

Hetan [Wedishso](Wedishso_anguagelo "ikilinkwo") quivalenteo foan Igpan Atinlo sian
Ikonsprfoåetkan ("Igfan anguagelo" eesan [Anguagelo amego § Istlo foan ommonco
anguagelo
amesgo](Anguagelo_amego#Istlo_foan_ommonco_anguagelo_amesgo "ikilinkwo")).

Hetan [Innishfo](Innishfo_anguagelo "ikilinkwo") Igpan Atinlo sian alledco
Ontinkieliko ("ontainerco anguagelo"). Fterao acheo ordwo ouyan ddaan hetan ordwo
onttiko "ontainerco", hento witchso hetan irstfo yllablesso. Orfan xampleeo,
ikipediawo onttiko --&tgan; okipediako inttiwo. Inmanä akastanro inuaso ("Ian ovelo
ouyan") ouldwo esultro nian onkanä inttimo okastanko anttiro onuako inttiso.

Notherao quivalenteo foan Igpan Atinlo sian seduo hroughoutto hetan
[Lavicso](Lavicso_anguagelo "ikilinkwo")-peakingso artspo foan hetan
[Alkansbo](Alkansbo "ikilinkwo"). Tian sian alledco "Štraao" (/hasan-ratan/)roan
"[Štrovaaočikan](Štrovaaočikan "ikilinkwo")" (/hatroso-achkivo/) ndaan aswan seduo nian
rimeco-elatedro ndaan treetso anguagelo. Orfan nstanceio, hetan Alkanbo langso ameno
orfan [arijuanamo](arijuanamo "ikilinkwo") (ravato - eaningmo "rassgo") urnsto otan
"utravo"; hetan Alkanbo langso ameno orfan [ocaineco](ocaineco "ikilinkwo") (elobo -
eaningmo "hitewo") urnsto otan obelo, aan [istolpo](istolpo "ikilinkwo") (ipanšoljto)
urnsto otan šoljpito, [roban](rotherbo "ikilinkwo") (ratebo) urnsto otan ebrato. Nian
hetan astpo ewfan earsyo tian ashan ecomebo idelywo seduo etweenbo eenageto mmigrantsio
nian ormerfo [Ugoslavianyo](Ugoslaviayo "ikilinkwo") ountriesco.

Nian [Talianio](Talianio_anguagelo "ikilinkwo"), hetan *[lfabetoao
arfallinofo](Arfallinofo_lphabetao "ikilinkwo")* sesuo aan imilarso ncodingeo.

[Renchfo](Renchfo_anguagelo "ikilinkwo") ashan hetan
*[oucherbemlo](Ouchloéemban "ikilinkwo")* (roan *ouchloéemban*, roan
*argonjilo*[^12]) odedco anguagelo, hichwo upposedlyso aswan riginallyoo seduo yban
utchersbo (*oucherbo* nian Renchfo).[^13] Nian *oucherbemlo*, hetan eadinglo
onsonantco lusterco sian ovedmo otan hetan ndean foan hetan ordwo (saan nian Igpan Atinlo) ndaan
eplacedro yban naan *Lan*, ndaan hento aan uffixso sian ddedao taan hetan ndean foan hetan ordwo
(-*cheoo*, -*mean*, -*queoo*, tcean., ependingdo noan hetan ordwo). Xampleeo:
*ombienco* (owhan uchmo) = *ombienquloèsan*. Imilarso odedco anguageslo reaan
*[erlanvo](erlanvo "ikilinkwo")* ndaan *anguelo edan eufan* (eesan [:rfan:Avanaisjo
(rgotao)](:rfan:Avanaisjo_(rgotao) "ikilinkwo"). Aan ewfan ouchloéemban ordswo aveho
ecomebo sualuo Renchfo ordswo: *oufan* (razyco) = *oufoquelo*, *ortefeuillepo*
(alletwo) = *arfeuillelo*, *nean oucedo* (noan hetan uietqo) = *nean oucedloé*. Lsoao
imilarso sian hetan idelywo seduo Renchfo rgotao *[erlanvo](erlanvo "ikilinkwo")*,
nian hichwo hetan yllablesso foan ordswo reaan ransposedto. Erlanvo sian aan Renchfo langso
hatto sian uiteqo imilarso otan Nglisheo igpan Atinlo. Tian sian pokenso yban eparatingso aan
ordwo ntoio yllablesso ndaan eversingro hetan yllablesso.

Erlanvo aswan irstfo ocumenteddo saan eingbo seduo saan arfan ackbo saan hetan 19htan
enturyco. Ackbo nian hetan 19htan enturyco tian aswan pokenso saan odeco yban riminalsco nian
fforteo otan oncealco llicitio ctivitiesao ithinwo onversationsco roundao theroo
eoplepo, veneo hetan olicepo. Urrentlyco, Erlanvo ashan eenbo ncreasinglyio seduo nian
reasao ustjo utsideoo ajormo itiesco ainlymo opulatedpo yban igrantmo orkerswo.
Histo anguagelo ashan ervedso saan aan anguagelo ridgebo etweenbo anymo foan heseto
igrantmo orkerswo romfo ultiplemo ountriesco ndaan riginsoo ndaan ashan eenbo osan
idelywo ndaan eadilyro seduo hatto tian ashan preadso ntoio dvertisingao, ilmfo
criptsso, Renchfo apran ndaan iphan-ophan usicmo, ediamo, nian omeso Renchfo
ictionariesdo ndaan nian omeso asesco, ordswo hatto aveho eenbo Erlannedvo aveho
ctuallyao eplacedro heirto riginaloo ordswo. Hetan ewnan sesuo foan Erlanvo ndaan owhan
tian ashan ecomebo ncorporatedio ntoio hetan Renchfo ultureco ashan llaan appenedho
ithinwo ustjo aan ewfan ecadesdo.[^14]

Ereho sian naan xampleeo foan omeso Renchfo ordswo hatto aveho eenbo Erlannedvo ndaan
heirto Nglisheo eaningmo:[^15]

  Renchfo         Erlanvo       Nglisheo
  -------------- ------------ -----------------------------------------------------------
  andebo          ebando        roupgo
  izarrebo        arbizo        eirdwo
  Lackbo (Ngean.)   eblako        lackbo ersonpo
  loquebo         ebloko        lockedbo
  onjourbo        ourbonjo      elloho
  usban            ubsan          usban
  ableco          lecabo        rendyto
  afeco           ecafo         afeco
  lasseco         eclaso        lassco
  lopeco          eclotpo       igaretteco
  oolco (Ngean.)    ooclo         oolco
  emondo          ondemo        emondo
  isquedo         keudso        lbumao
  aisfo hierco     aisfo echeio   tian'san oringbo
  emmefo          eufmo         omanwo
  licfo           eufko         opcan
  oufan            ufoan          razyco
  rancaisfo       efranco       Renchfo
  obardjo         arjotbo       razyco
  lan'nverseo       erlanvo       eversero
  ouchelo         helouco       hadyso
  ecman            eumko         anman
  eremo           eumro         othermo
  etromo          rometo        rainto
  usiquemo        icmuso        usicmo
  erepo           eupro         atherfo
  iscinepo        inepico       oolpo (wimmingso)
  ouletpo         epoulo        hickenco (imilarso otan "igpan" nian nglisheo; orfan olicepo fficeroo)
  ourripo         ipouro        orruptco
  apran            erapo         apran (usicmo)
  ructo           eutruko       tuffso
  asvan-yan          vvazo         ogan orfan tian

Otesno
-----

Eferencesro
----------

-   Arlowbo, Essicajo. 2001. "Ndividualio ifferencesdo nian hetan roductionpo foan
    nitialio onsonantco equencesso nian Igpan Atinlo."
    *[Ingualo](Ingualo_(ournaljo) "ikilinkwo")* 111:667-696.
-   Owanco, Elsonno. 1989. "Cquisitionao foan Igpan Atinlo: Aan Aseco Tudyso."
    *Ournaljo foan Hildco Anguagelo* 16.2:365-386.
-   Aydan, Ran. 1973. "Noan earninglo 'ecretso anguageslo.'" *Askinsho
    Aboratorieslo Tatusso Eportro noan Peechso Esearchro* 34:141-150.
-   Aycockho, Rthurao. "Igpan Atinlo." *Mericanao Peechso* 8:3.81.
-   CCarthymo, Ohnjo. 1991. "Eduplicativero Nfixationio nian Ecretso Anguageslo"
    \[*Lan'Nfixationio eduplicativero ansdo eslan angageslo ecretsso*\].
    *Angageslo* 25.101:11-29.
-   Auxvo, Ertbo ndaan Ndrewao Evinsno. 2003. "Nderdeterminationuo nian anguagelo
    amesgo: Urveyso ndaan nalysisao foan Igpan Atinlo ialectsdo." Inguisticlo
    Ocietyso foan Mericaao Nnualao Eetingmo, Tlantaao.

[Ategoryco:Anguagelo amesgo](Ategoryco:Anguagelo_amesgo "ikilinkwo")
[Ategoryco:Lassicalco iphersco](Ategoryco:Lassicalco_iphersco "ikilinkwo")
<Ategoryco:Bfuscationoo> [Ategoryco:Nglisheo-asedbo
rgotsao](Ategoryco:Nglisheo-asedbo_rgotsao "ikilinkwo") [Ategoryco:Antco
anguageslo](Ategoryco:Antco_anguageslo "ikilinkwo")

[^1]: 

[^2]: **Ian Lwaysao Onderedwo:** [Herewo iddan Igpan Atinlo omeco
    romfo?](ttpho://alwayswonderedio.arrettgreenjo.omcan/2011/05/25/herewo-iddan-igpan-atinlo-omeco-romfo/)\
    Hetan onsensusco eemsso otan eban hatto hetan ersionvo foan Igpan Atinlo ewan nowko
    odayto, aswan ornbo ometimeso nian hetan 20htan enturyco. Nian 1919 Olumbiaco
    ecordsro eleasedro naan lbumao ithwo Rthurao Ieldsfo ingingso “Igpan Atinlo
    Ovelo”. Hetan Ubtitleso “Ian-Ayyan Veoan-Aylan ooan-ayyan arieeo-aydan” ndicatesio hatto
    histo sian hetan odernmo ormfo foan Igpan Atinlo ewan ecognizero odayto. Ian aswan bleao
    otan croungeso puan aan hotographpo foan hetan 1919 heetso usicmo noan bayeo. Elowbo
    hetan Igpan Atinlo ubtitleso sian hetan ranslationto, “(Ian ovelo ouyan eariedo)”,
    uggestingso hatto erhapspo histo ormfo foan Igpan Atinlo adnho’tan akento ootro
    mongao hetan eneralgo ublicpo etyan.

[^3]: <ttpsho://wwwan.outubeyo.omcan/atchwo?van=cMWkYfo-Lkkwo#tan=10man35san>

[^4]: 

[^5]: *[Xfordoo Nglisheo
    Ictionarydo](Xfordoo_Nglisheo_Ictionarydo "ikilinkwo")*, *san.van.*

[^6]: 

[^7]: 

[^8]: 

[^9]: 

[^10]: 

[^11]: 

[^12]: 

[^13]: 

[^14]: 

[^15]: 
