==5447== Memcheck, a memory error detector
==5447== Copyright (C) 2002-2015, and GNU GPL'd, by Julian Seward et al.
==5447== Using Valgrind-3.11.0 and LibVEX; rerun with -h for copyright info
==5447== Command: ./testDeck
==5447== Parent PID: 3197
==5447== 
==5447== Invalid read of size 8
==5447==    at 0x401066: deckPrint (deck.c:186)
==5447==    by 0x4008FC: main (testDeck.c:90)
==5447==  Address 0x7116bc0 is 0 bytes inside a block of size 16 free'd
==5447==    at 0x4C2EDEB: free (in /usr/lib/valgrind/vgpreload_memcheck-amd64-linux.so)
==5447==    by 0x401004: deckShuffle (deck.c:174)
==5447==    by 0x400B0F: main (testDeck.c:85)
==5447==  Block was alloc'd at
==5447==    at 0x4C2DB8F: malloc (in /usr/lib/valgrind/vgpreload_memcheck-amd64-linux.so)
==5447==    by 0x400E07: deckCreate (deck.c:43)
==5447==    by 0x4009AA: main (testDeck.c:50)
==5447== 
==5447== 
==5447== HEAP SUMMARY:
==5447==     in use at exit: 16,016 bytes in 1,001 blocks
==5447==   total heap usage: 78,360,337 allocs, 78,359,336 frees, 1,253,766,384 bytes allocated
==5447== 
==5447== LEAK SUMMARY:
==5447==    definitely lost: 16,016 bytes in 1,001 blocks
==5447==    indirectly lost: 0 bytes in 0 blocks
==5447==      possibly lost: 0 bytes in 0 blocks
==5447==    still reachable: 0 bytes in 0 blocks
==5447==         suppressed: 0 bytes in 0 blocks
==5447== Rerun with --leak-check=full to see details of leaked memory
==5447== 
==5447== For counts of detected and suppressed errors, rerun with: -v
==5447== ERROR SUMMARY: 2 errors from 1 contexts (suppressed: 0 from 0)
