AC 2C 3C 4C 5C 6C 7C 8C 9C TC JC QC KC AD 2D 3D 4D 5D 6D 7D 8D 9D TD JD QD KD AH 2H 3H 4H 5H 6H 7H 8H 9H TH JH QH KH AS 2S 3S 4S 5S 6S 7S 8S 9S TS JS QS KS
AC 2C 3C 4C 5C 6C 7C 8C 9C TC JC QC KC AD 2D 3D 4D 5D 6D 7D 8D 9D TD JD QD KD
AH 2H 3H 4H 5H 6H 7H 8H 9H TH JH QH KH AS 2S 3S 4S 5S 6S 7S 8S 9S TS JS QS KS
AC AH 2C 2H 3C 3H 4C 4H 5C 5H 6C 6H 7C 7H 8C 8H 9C 9H TC TH JC JH QC QH KC KH AD AS 2D 2S 3D 3S 4D 4S 5D 5S 6D 6S 7D 7S 8D 8S 9D 9S TD TS JD JS QD QS KD KS
AC AH 2C 2H 3C 3H 4C 4H 5C 5H 6C 6H 7C 7H 8C 8H 9C
9H TC TH JC JH QC QH KC KH AD AS 2D 2S 3D 3S 4D 4S 5D 5S 6D 6S 7D 7S 8D 8S 9D 9S TD TS JD JS QD QS KD KS
AC 9H AH TC 2C TH 2H JC 3C JH 3H QC 4C QH 4H KC 5C KH 5H AD 6C AS 6H 2D 7C 2S 7H 3D 8C 3S 8H 4D 9C 4S 5D 5S 6D 6S 7D 7S 8D 8S 9D 9S TD TS JD JS QD QS KD KS
AC 9H AH TC 2C TH 2H JC 3C JH 3H QC 4C QH 4H KC 5C KH 5H AD 6C AS 6H 2D 7C 2S 7H 3D 8C 3S 8H 4D 9C
4S 5D 5S 6D 6S 7D 7S 8D 8S 9D 9S TD TS JD JS QD QS KD KS
AC 4S 9H 5D AH 5S TC 6D 2C 6S TH 7D 2H 7S JC 8D 3C 8S JH 9D 3H 9S QC TD 4C TS QH JD 4H JS KC QD 5C QS KH KD 5H KS AD 6C AS 6H 2D 7C 2S 7H 3D 8C 3S 8H 4D 9C
AC 4S 9H 5D AH 5S TC 6D 2C 6S TH 7D 2H 7S JC 8D 3C 8S JH 9D 3H 9S QC TD 4C TS QH JD 4H JS KC QD 5C QS KH KD 5H KS AD 6C AS 6H 2D 7C 2S 7H 3D 8C 3S 8H 4D 9C

AC 4S 9H 5D AH 5S TC 6D 2C 6S TH 7D 2H 7S JC 8D 3C 8S JH 9D 3H 9S QC TD 4C TS QH JD 4H JS KC QD 5C QS KH KD 5H KS AD 6C AS 6H 2D 7C 2S 7H 3D 8C 3S 8H 4D 9C

AC 4S 9H 5D AH 5S TC 6D 2C 6S TH 7D 2H 7S JC 8D 3C 8S JH 9D 3H 9S QC TD 4C TS QH JD 4H JS KC QD 5C QS KH KD 5H KS AD 6C AS 6H 2D 7C 2S 7H 3D 8C 3S 8H 4D 9C
AC 4S 9H 5D AH 5S TC 6D 2C 6S TH 7D 2H 7S JC 8D 3C 8S JH 9D 3H 9S QC TD 4C TS QH JD 4H JS KC QD 5C QS KH KD 5H KS AD 6C AS 6H 2D 7C 2S 7H 3D 8C 3S 8H 4D 9C
AC 4S 9H 5D AH 5S TC
6D 2C 6S TH 7D 2H 7S JC
8D 3C 8S JH 9D 3H 9S QC TD 4C TS QH
JD 4H JS KC QD 5C QS KH KD 5H KS AD 6C AS 6H 2D 7C 2S 7H 3D 8C 3S 8H 4D 9C
8D JD 3C 4H 8S JS JH KC 9D QD 3H 5C 9S QS QC KH TD KD 4C 5H TS KS QH AD 6C AS 6H 2D 7C 2S 7H 3D 8C 3S 8H 4D 9C
6D 8D 2C JD 6S 3C TH 4H 7D 8S 2H JS 7S JH JC KC 9D QD 3H 5C 9S QS QC KH TD KD 4C 5H TS KS QH AD 6C AS 6H 2D 7C 2S 7H 3D 8C 3S 8H 4D 9C
AC 6D 4S 8D 9H 2C 5D JD AH 6S 5S 3C TC TH 4H 7D 8S 2H JS 7S JH JC KC 9D QD 3H 5C 9S QS QC KH TD KD 4C 5H TS KS QH AD 6C AS 6H 2D 7C 2S 7H 3D 8C 3S 8H 4D 9C
