Tree before:0xa4a220 
[[[[[[[]]][][[][][[][]]]][[][]][[]][[[][][][]][[][]]][[[[[]][]][[[[][]][]]][][]][][[[][]]][]]][][[[[]][][]][]]][[][][[]]][[[[[[]][]][]][[]][[[]]][]][[[[]][]][[]][][[][[[]]]][]][[[][[[[]][][]][]][]]]]]
***Tree before:0xa4a240 
[[[[[[]]][][[][][[][]]]][[][]][[]][[[][][][]][[][]]][[[[[]][]][[[[][]][]]][][]][][[[][]]][]]][][[[[]][][]][]]]
***Tree before:0xa4a260 
[[[[[]]][][[][][[][]]]][[][]][[]][[[][][][]][[][]]][[[[[]][]][[[[][]][]]][][]][][[[][]]][]]]
***Tree before:0xa4a710 
[[[[[]][]][[[[][]][]]][][]][][[[][]]][]]
***Tree before:0xa4a770 
[[[[]][]][[[[][]][]]][][]]
***Tree before:0xa4a830 
[[[]][]]
***Tree before:0xa4a850 
[[]]
***Tree before:0xa4a870 
[]
***Tree after:0xa4a850 
[[]]
***Tree before:0xa4a8d0 
[]
***Tree after:0xa4a830 
[[[]][]]
***Tree before:0xa4a8f0 
[[[[][]][]]]
***Tree before:0xa4a910 
[[[][]][]]
***Tree before:0xa4a930 
[[][]]
***Tree before:0xa4a950 
[]
***Tree before:0xa4a990 
[]
***Tree after:0xa4a930 
[[][]]
***Tree before:0xa4a9e0 
[]
***Tree after:0xa4a910 
[[[][]][]]
***Tree after:0xa4a8f0 
[[[[][]][]]]
***Tree before:0xa4a8b0 
[]
***Tree before:0xa4aa60 
[]
***Tree after:0xa4a770 
[[[[]][]][[[[][]][]]][][]]
***Tree before:0xa4aad0 
[[[][]]]
***Tree before:0xa4ab10 
[[][]]
***Tree before:0xa4ab30 
[]
***Tree before:0xa4ab70 
[]
***Tree after:0xa4ab10 
[[][]]
***Tree after:0xa4aad0 
[[[][]]]
***Tree before:0xa4aaf0 
[]
***Tree before:0xa4abc0 
[]
***Tree after:0xa4a710 
[[[[[]][]][[[[][]][]]][][]][[[][]]][][]]
***Tree before:0xa4a280 
[[[[]]][][[][][[][]]]]
***Tree before:0xa4a340 
[[][][[][]]]
***Tree before:0xa4a3d0 
[[][]]
***Tree before:0xa4a440 
[]
***Tree before:0xa4a480 
[]
***Tree after:0xa4a3d0 
[[][]]
***Tree before:0xa4a3b0 
[]
***Tree before:0xa4a3f0 
[]
***Tree after:0xa4a340 
[[[][]][][]]
***Tree before:0xa4a2a0 
[[[]]]
***Tree before:0xa4a2c0 
[[]]
***Tree before:0xa4a2e0 
[]
***Tree after:0xa4a2c0 
[[]]
***Tree after:0xa4a2a0 
[[[]]]
***Tree before:0xa4a360 
[]
***Tree after:0xa4a280 
[[[[][]][][]][[[]]][]]
***Tree before:0xa4a4d0 
[[][]]
***Tree before:0xa4a4f0 
[]
***Tree before:0xa4a530 
[]
***Tree after:0xa4a4d0 
[[][]]
***Tree before:0xa4a5d0 
[[[][][][]][[][]]]
***Tree before:0xa4a5f0 
[[][][][]]
***Tree before:0xa4a610 
[]
***Tree before:0xa4a650 
[]
***Tree before:0xa4a630 
[]
***Tree before:0xa4a6a0 
[]
***Tree after:0xa4a5f0 
[[][][][]]
***Tree before:0xa4a730 
[[][]]
***Tree before:0xa4a750 
[]
***Tree before:0xa4a790 
[]
***Tree after:0xa4a730 
[[][]]
***Tree after:0xa4a5d0 
[[[][][][]][[][]]]
***Tree before:0xa4a460 
[[]]
***Tree before:0xa4a510 
[]
***Tree after:0xa4a460 
[[]]
***Tree after:0xa4a260 
[[[[[[]][]][[[[][]][]]][][]][[[][]]][][]][[[[][]][][]][[[]]][]][[][]][[[][][][]][[][]]][[]]]
***Tree before:0xa4ac30 
[[[[]][][]][]]
***Tree before:0xa4ac70 
[[[]][][]]
***Tree before:0xa4ac90 
[[]]
***Tree before:0xa4acb0 
[]
***Tree after:0xa4ac90 
[[]]
***Tree before:0xa4ad10 
[]
***Tree before:0xa4acf0 
[]
***Tree after:0xa4ac70 
[[[]][][]]
***Tree before:0xa4ad80 
[]
***Tree after:0xa4ac30 
[[[[]][][]][]]
***Tree before:0xa4ac50 
[]
***Tree after:0xa4a240 
[[[[[[[]][]][[[[][]][]]][][]][[[][]]][][]][[[[][]][][]][[[]]][]][[][]][[[][][][]][[][]]][[]]][[[[]][][]][]][]]
***Tree before:0xa4add0 
[[][][[]]]
***Tree before:0xa4ae10 
[[]]
***Tree before:0xa4ae80 
[]
***Tree after:0xa4ae10 
[[]]
***Tree before:0xa4adf0 
[]
***Tree before:0xa4ae30 
[]
***Tree after:0xa4add0 
[[[]][][]]
***Tree before:0xa4ad60 
[[[[[[]][]][]][[]][[[]]][]][[[[]][]][[]][][[][[[]]]][]][[[][[[[]][][]][]][]]]]
***Tree before:0xa4b210 
[[[[]][]][[]][][[][[[]]]][]]
***Tree before:0xa4b230 
[[[]][]]
***Tree before:0xa4b250 
[[]]
***Tree before:0xa4b270 
[]
***Tree after:0xa4b250 
[[]]
***Tree before:0xa4b2d0 
[]
***Tree after:0xa4b230 
[[[]][]]
***Tree before:0xa4b380 
[[][[[]]]]
***Tree before:0xa4b3e0 
[[[]]]
***Tree before:0xa4b400 
[[]]
***Tree before:0xa4b420 
[]
***Tree after:0xa4b400 
[[]]
***Tree after:0xa4b3e0 
[[[]]]
***Tree before:0xa4b3a0 
[]
***Tree after:0xa4b380 
[[[[]]][]]
***Tree before:0xa4b2f0 
[[]]
***Tree before:0xa4b310 
[]
***Tree after:0xa4b2f0 
[[]]
***Tree before:0xa4b2b0 
[]
***Tree before:0xa4b3c0 
[]
***Tree after:0xa4b210 
[[[[]][]][[[[]]][]][[]][][]]
***Tree before:0xa4aef0 
[[[[[]][]][]][[]][[[]]][]]
***Tree before:0xa4af10 
[[[[]][]][]]
***Tree before:0xa4af30 
[[[]][]]
***Tree before:0xa4af50 
[[]]
***Tree before:0xa4af70 
[]
***Tree after:0xa4af50 
[[]]
***Tree before:0xa4afd0 
[]
***Tree after:0xa4af30 
[[[]][]]
***Tree before:0xa4b020 
[]
***Tree after:0xa4af10 
[[[[]][]][]]
***Tree before:0xa4b070 
[[]]
***Tree before:0xa4b090 
[]
***Tree after:0xa4b070 
[[]]
***Tree before:0xa4afb0 
[[[]]]
***Tree before:0xa4b100 
[[]]
***Tree before:0xa4b120 
[]
***Tree after:0xa4b100 
[[]]
***Tree after:0xa4afb0 
[[[]]]
***Tree before:0xa4b180 
[]
***Tree after:0xa4aef0 
[[[[[]][]][]][[]][[[]]][]]
***Tree before:0xa4b1f0 
[[[][[[[]][][]][]][]]]
***Tree before:0xa4b500 
[[][[[[]][][]][]][]]
***Tree before:0xa4b560 
[[[[]][][]][]]
***Tree before:0xa4b580 
[[[]][][]]
***Tree before:0xa4b5a0 
[[]]
***Tree before:0xa4b5c0 
[]
***Tree after:0xa4b5a0 
[[]]
***Tree before:0xa4b620 
[]
***Tree before:0xa4b600 
[]
***Tree after:0xa4b580 
[[[]][][]]
***Tree before:0xa4b690 
[]
***Tree after:0xa4b560 
[[[[]][][]][]]
***Tree before:0xa4b520 
[]
***Tree before:0xa4b540 
[]
***Tree after:0xa4b500 
[[[[[]][][]][]][][]]
***Tree after:0xa4b1f0 
[[[[[[]][][]][]][][]]]
***Tree after:0xa4ad60 
[[[[[]][]][[[[]]][]][[]][][]][[[[[]][]][]][[]][[[]]][]][[[[[[]][][]][]][][]]]]
***Tree after:0xa4a220 
[[[[[[[[]][]][[[[][]][]]][][]][[[][]]][][]][[[[][]][][]][[[]]][]][[][]][[[][][][]][[][]]][[]]][[[[]][][]][]][]][[[]][][]][[[[[]][]][[[[]]][]][[]][][]][[[[[]][]][]][[]][[[]]][]][[[[[[]][][]][]][][]]]]]
***[[[[[[[[]][]][[[[][]][]]][][]][[[][]]][][]][[[[][]][][]][[[]]][]][[][]][[[][][][]][[][]]][[]]][[[[]][][]][]][]][[[]][][]][[[[[]][]][[[[]]][]][[]][][]][[[[[]][]][]][[]][[[]]][]][[[[[[]][][]][]][][]]]]]